<?xml version="1.0" encoding="UTF-8"?>
<!-- Generated by org.testng.reporters.JUnitXMLReporter -->
<testsuite hostname="Asmaas-MacBook-Pro.local" ignored="0" name="Test" tests="1" failures="1" timestamp="29 Dec 2018 15:50:38 GMT" time="0.132" errors="0">
  <testcase name="setup" time="0.099" classname="com.MavenTestNG.BaseClass">
    <failure type="java.lang.IllegalStateException" message="The driver executable does not exist: /Users/kilany/eclipse-workspace/MavenTestNGJenkins/drivers/chromedriver">
      <![CDATA[java.lang.IllegalStateException: The driver executable does not exist: /Users/kilany/eclipse-workspace/MavenTestNGJenkins/drivers/chromedriver
at com.google.common.base.Preconditions.checkState(Preconditions.java:585)
at org.openqa.selenium.remote.service.DriverService.checkExecutable(DriverService.java:137)
at org.openqa.selenium.remote.service.DriverService.findExecutable(DriverService.java:132)
at org.openqa.selenium.chrome.ChromeDriverService.access$000(ChromeDriverService.java:35)
at org.openqa.selenium.chrome.ChromeDriverService$Builder.findDefaultExecutable(ChromeDriverService.java:156)
at org.openqa.selenium.remote.service.DriverService$Builder.build(DriverService.java:346)
at org.openqa.selenium.chrome.ChromeDriverService.createDefaultService(ChromeDriverService.java:91)
at org.openqa.selenium.chrome.ChromeDriver.<init>(ChromeDriver.java:123)
at com.MavenTestNG.BaseClass.setup(BaseClass.java:13)
... Removed 25 stack frames]]>
    </failure>
  </testcase> <!-- setup -->
</testsuite> <!-- Test -->
